<?xml version="1.0" encoding="UTF-8"?>
<testsuite xmlns:xsi="http://www.w3.org/2001/XMLSchema-instance" xsi:noNamespaceSchemaLocation="https://maven.apache.org/surefire/maven-surefire-plugin/xsd/surefire-test-report-3.0.xsd" version="3.0" name="geocoding.AddressResolverTest" time="0.024" tests="2" errors="0" skipped="2" failures="0">
  <properties>
    <property name="java.specification.version" value="17"/>
    <property name="sun.jnu.encoding" value="UTF-8"/>
    <property name="java.class.path" value="/home/tiagocruz/Desktop/TQS/TQS_108615/lab2/lab2_2geocoding/target/test-classes:/home/tiagocruz/Desktop/TQS/TQS_108615/lab2/lab2_2geocoding/target/classes:/home/tiagocruz/.m2/repository/org/junit/jupiter/junit-jupiter/5.9.2/junit-jupiter-5.9.2.jar:/home/tiagocruz/.m2/repository/org/junit/jupiter/junit-jupiter-api/5.9.2/junit-jupiter-api-5.9.2.jar:/home/tiagocruz/.m2/repository/org/opentest4j/opentest4j/1.2.0/opentest4j-1.2.0.jar:/home/tiagocruz/.m2/repository/org/junit/platform/junit-platform-commons/1.9.2/junit-platform-commons-1.9.2.jar:/home/tiagocruz/.m2/repository/org/apiguardian/apiguardian-api/1.1.2/apiguardian-api-1.1.2.jar:/home/tiagocruz/.m2/repository/org/junit/jupiter/junit-jupiter-params/5.9.2/junit-jupiter-params-5.9.2.jar:/home/tiagocruz/.m2/repository/org/junit/jupiter/junit-jupiter-engine/5.9.2/junit-jupiter-engine-5.9.2.jar:/home/tiagocruz/.m2/repository/org/junit/platform/junit-platform-engine/1.9.2/junit-platform-engine-1.9.2.jar:/home/tiagocruz/.m2/repository/org/hamcrest/hamcrest-all/1.3/hamcrest-all-1.3.jar:/home/tiagocruz/.m2/repository/org/mockito/mockito-junit-jupiter/5.1.1/mockito-junit-jupiter-5.1.1.jar:/home/tiagocruz/.m2/repository/org/mockito/mockito-core/5.1.1/mockito-core-5.1.1.jar:/home/tiagocruz/.m2/repository/net/bytebuddy/byte-buddy/1.12.22/byte-buddy-1.12.22.jar:/home/tiagocruz/.m2/repository/net/bytebuddy/byte-buddy-agent/1.12.22/byte-buddy-agent-1.12.22.jar:/home/tiagocruz/.m2/repository/org/objenesis/objenesis/3.3/objenesis-3.3.jar:/home/tiagocruz/.m2/repository/org/slf4j/slf4j-api/2.0.6/slf4j-api-2.0.6.jar:/home/tiagocruz/.m2/repository/ch/qos/logback/logback-classic/1.4.5/logback-classic-1.4.5.jar:/home/tiagocruz/.m2/repository/ch/qos/logback/logback-core/1.4.5/logback-core-1.4.5.jar:/home/tiagocruz/.m2/repository/org/apache/httpcomponents/httpclient/4.5.13/httpclient-4.5.13.jar:/home/tiagocruz/.m2/repository/org/apache/httpcomponents/httpcore/4.4.13/httpcore-4.4.13.jar:/home/tiagocruz/.m2/repository/commons-logging/commons-logging/1.2/commons-logging-1.2.jar:/home/tiagocruz/.m2/repository/commons-codec/commons-codec/1.11/commons-codec-1.11.jar:/home/tiagocruz/.m2/repository/com/googlecode/json-simple/json-simple/1.1.1/json-simple-1.1.1.jar:/home/tiagocruz/.m2/repository/junit/junit/4.10/junit-4.10.jar:/home/tiagocruz/.m2/repository/org/hamcrest/hamcrest-core/1.1/hamcrest-core-1.1.jar:"/>
    <property name="java.vm.vendor" value="Oracle Corporation"/>
    <property name="sun.arch.data.model" value="64"/>
    <property name="java.vendor.url" value="https://java.oracle.com/"/>
    <property name="os.name" value="Linux"/>
    <property name="java.vm.specification.version" value="17"/>
    <property name="sun.java.launcher" value="SUN_STANDARD"/>
    <property name="user.country" value="PT"/>
    <property name="sun.boot.library.path" value="/usr/lib/jvm/java-17-oracle/lib"/>
    <property name="sun.java.command" value="/home/tiagocruz/Desktop/TQS/TQS_108615/lab2/lab2_2geocoding/target/surefire/surefirebooter-20240228223931335_3.jar /home/tiagocruz/Desktop/TQS/TQS_108615/lab2/lab2_2geocoding/target/surefire 2024-02-28T22-39-31_182-jvmRun1 surefire-20240228223931335_1tmp surefire_0-20240228223931335_2tmp"/>
    <property name="jdk.debug" value="release"/>
    <property name="surefire.test.class.path" value="/home/tiagocruz/Desktop/TQS/TQS_108615/lab2/lab2_2geocoding/target/test-classes:/home/tiagocruz/Desktop/TQS/TQS_108615/lab2/lab2_2geocoding/target/classes:/home/tiagocruz/.m2/repository/org/junit/jupiter/junit-jupiter/5.9.2/junit-jupiter-5.9.2.jar:/home/tiagocruz/.m2/repository/org/junit/jupiter/junit-jupiter-api/5.9.2/junit-jupiter-api-5.9.2.jar:/home/tiagocruz/.m2/repository/org/opentest4j/opentest4j/1.2.0/opentest4j-1.2.0.jar:/home/tiagocruz/.m2/repository/org/junit/platform/junit-platform-commons/1.9.2/junit-platform-commons-1.9.2.jar:/home/tiagocruz/.m2/repository/org/apiguardian/apiguardian-api/1.1.2/apiguardian-api-1.1.2.jar:/home/tiagocruz/.m2/repository/org/junit/jupiter/junit-jupiter-params/5.9.2/junit-jupiter-params-5.9.2.jar:/home/tiagocruz/.m2/repository/org/junit/jupiter/junit-jupiter-engine/5.9.2/junit-jupiter-engine-5.9.2.jar:/home/tiagocruz/.m2/repository/org/junit/platform/junit-platform-engine/1.9.2/junit-platform-engine-1.9.2.jar:/home/tiagocruz/.m2/repository/org/hamcrest/hamcrest-all/1.3/hamcrest-all-1.3.jar:/home/tiagocruz/.m2/repository/org/mockito/mockito-junit-jupiter/5.1.1/mockito-junit-jupiter-5.1.1.jar:/home/tiagocruz/.m2/repository/org/mockito/mockito-core/5.1.1/mockito-core-5.1.1.jar:/home/tiagocruz/.m2/repository/net/bytebuddy/byte-buddy/1.12.22/byte-buddy-1.12.22.jar:/home/tiagocruz/.m2/repository/net/bytebuddy/byte-buddy-agent/1.12.22/byte-buddy-agent-1.12.22.jar:/home/tiagocruz/.m2/repository/org/objenesis/objenesis/3.3/objenesis-3.3.jar:/home/tiagocruz/.m2/repository/org/slf4j/slf4j-api/2.0.6/slf4j-api-2.0.6.jar:/home/tiagocruz/.m2/repository/ch/qos/logback/logback-classic/1.4.5/logback-classic-1.4.5.jar:/home/tiagocruz/.m2/repository/ch/qos/logback/logback-core/1.4.5/logback-core-1.4.5.jar:/home/tiagocruz/.m2/repository/org/apache/httpcomponents/httpclient/4.5.13/httpclient-4.5.13.jar:/home/tiagocruz/.m2/repository/org/apache/httpcomponents/httpcore/4.4.13/httpcore-4.4.13.jar:/home/tiagocruz/.m2/repository/commons-logging/commons-logging/1.2/commons-logging-1.2.jar:/home/tiagocruz/.m2/repository/commons-codec/commons-codec/1.11/commons-codec-1.11.jar:/home/tiagocruz/.m2/repository/com/googlecode/json-simple/json-simple/1.1.1/json-simple-1.1.1.jar:/home/tiagocruz/.m2/repository/junit/junit/4.10/junit-4.10.jar:/home/tiagocruz/.m2/repository/org/hamcrest/hamcrest-core/1.1/hamcrest-core-1.1.jar:"/>
    <property name="sun.cpu.endian" value="little"/>
    <property name="user.home" value="/home/tiagocruz"/>
    <property name="user.language" value="pt"/>
    <property name="java.specification.vendor" value="Oracle Corporation"/>
    <property name="java.version.date" value="2023-01-17"/>
    <property name="java.home" value="/usr/lib/jvm/java-17-oracle"/>
    <property name="file.separator" value="/"/>
    <property name="basedir" value="/home/tiagocruz/Desktop/TQS/TQS_108615/lab2/lab2_2geocoding"/>
    <property name="java.vm.compressedOopsMode" value="Zero based"/>
    <property name="line.separator" value="&#10;"/>
    <property name="java.vm.specification.vendor" value="Oracle Corporation"/>
    <property name="java.specification.name" value="Java Platform API Specification"/>
    <property name="surefire.real.class.path" value="/home/tiagocruz/Desktop/TQS/TQS_108615/lab2/lab2_2geocoding/target/surefire/surefirebooter-20240228223931335_3.jar"/>
    <property name="sun.management.compiler" value="HotSpot 64-Bit Tiered Compilers"/>
    <property name="java.runtime.version" value="17.0.6+9-LTS-190"/>
    <property name="user.name" value="tiagocruz"/>
    <property name="path.separator" value=":"/>
    <property name="os.version" value="6.5.0-21-generic"/>
    <property name="java.runtime.name" value="Java(TM) SE Runtime Environment"/>
    <property name="file.encoding" value="UTF-8"/>
    <property name="java.vm.name" value="Java HotSpot(TM) 64-Bit Server VM"/>
    <property name="localRepository" value="/home/tiagocruz/.m2/repository"/>
    <property name="java.vendor.url.bug" value="https://bugreport.java.com/bugreport/"/>
    <property name="java.io.tmpdir" value="/tmp"/>
    <property name="java.version" value="17.0.6"/>
    <property name="user.dir" value="/home/tiagocruz/Desktop/TQS/TQS_108615/lab2/lab2_2geocoding"/>
    <property name="os.arch" value="amd64"/>
    <property name="java.vm.specification.name" value="Java Virtual Machine Specification"/>
    <property name="native.encoding" value="UTF-8"/>
    <property name="java.library.path" value="/usr/java/packages/lib:/usr/lib64:/lib64:/lib:/usr/lib"/>
    <property name="java.vm.info" value="mixed mode, sharing"/>
    <property name="java.vendor" value="Oracle Corporation"/>
    <property name="java.vm.version" value="17.0.6+9-LTS-190"/>
    <property name="sun.io.unicode.encoding" value="UnicodeLittle"/>
    <property name="java.class.version" value="61.0"/>
  </properties>
  <testcase name="whenBadCoordidates_thenReturnNoValidAddress" classname="geocoding.AddressResolverTest" time="0">
    <skipped message="public void geocoding.AddressResolverTest.whenBadCoordidates_thenReturnNoValidAddress() throws java.io.IOException,java.net.URISyntaxException,org.json.simple.parser.ParseException is @Disabled"/>
  </testcase>
  <testcase name="whenResolveDetiGps_returnJacintoMagalhaeAddress" classname="geocoding.AddressResolverTest" time="0">
    <skipped message="void geocoding.AddressResolverTest.whenResolveDetiGps_returnJacintoMagalhaeAddress() throws org.json.simple.parser.ParseException,java.io.IOException,java.net.URISyntaxException is @Disabled"/>
  </testcase>
</testsuite>